[    0.000000] Initializing cgroup subsys cpuset
[    0.000000] Initializing cgroup subsys cpu
[    0.000000] Initializing cgroup subsys cpuacct
[    0.000000] Linux version 4.4.0-104-generic (buildd@lgw01-amd64-022) (gcc version 5.4.0 20160609 (Ubuntu 5.4.0-6ubuntu1~16.04.5) ) #127-Ubuntu SMP Mon Dec 11 12:16:42 UTC 2017 (Ubuntu 4.4.0-104.127-generic 4.4.98)
[    0.000000] Command line: BOOT_IMAGE=/boot/vmlinuz-4.4.0-104-generic root=UUID=743b1402-d445-494c-af0b-749040bb33e4 ro console=tty1 console=ttyS0
[    0.000000] KERNEL supported cpus:
[    0.000000]   Intel GenuineIntel
[    0.000000]   AMD AuthenticAMD
[    0.000000]   Centaur CentaurHauls
[    0.000000] x86/fpu: xstate_offset[2]:  576, xstate_sizes[2]:  256
[    0.000000] x86/fpu: Supporting XSAVE feature 0x01: 'x87 floating point registers'
[    0.000000] x86/fpu: Supporting XSAVE feature 0x02: 'SSE registers'
[    0.000000] x86/fpu: Supporting XSAVE feature 0x04: 'AVX registers'
[    0.000000] x86/fpu: Enabled xstate features 0x7, context size is 832 bytes, using 'standard' format.
[    0.000000] x86/fpu: Using 'lazy' FPU context switches.
[    0.000000] e820: BIOS-provided physical RAM map:
[    0.000000] BIOS-e820: [mem 0x0000000000000000-0x000000000009fbff] usable
[    0.000000] BIOS-e820: [mem 0x000000000009fc00-0x000000000009ffff] reserved
[    0.000000] BIOS-e820: [mem 0x00000000000f0000-0x00000000000fffff] reserved
[    0.000000] BIOS-e820: [mem 0x0000000000100000-0x000000003ffeffff] usable
[    0.000000] BIOS-e820: [mem 0x000000003fff0000-0x000000003fffffff] ACPI data
[    0.000000] BIOS-e820: [mem 0x00000000fec00000-0x00000000fec00fff] reserved
[    0.000000] BIOS-e820: [mem 0x00000000fee00000-0x00000000fee00fff] reserved
[    0.000000] BIOS-e820: [mem 0x00000000fffc0000-0x00000000ffffffff] reserved
[    0.000000] NX (Execute Disable) protection: active
[    0.000000] SMBIOS 2.5 present.
[    0.000000] Hypervisor detected: KVM
[    0.000000] e820: last_pfn = 0x3fff0 max_arch_pfn = 0x400000000
[    0.000000] MTRR: Disabled
[    0.000000] x86/PAT: MTRRs disabled, skipping PAT initialization too.
[    0.000000] CPU MTRRs all blank - virtualized system.
[    0.000000] x86/PAT: Configuration [0-7]: WB  WT  UC- UC  WB  WT  UC- UC  
[    0.000000] found SMP MP-table at [mem 0x0009fff0-0x0009ffff] mapped at [ffff88000009fff0]
[    0.000000] Scanning 1 areas for low memory corruption
[    0.000000] RAMDISK: [mem 0x36232000-0x37110fff]
[    0.000000] ACPI: Early table checksum verification disabled
[    0.000000] ACPI: RSDP 0x00000000000E0000 000024 (v02 VBOX  )
[    0.000000] ACPI: XSDT 0x000000003FFF0030 00003C (v01 VBOX   VBOXXSDT 00000001 ASL  00000061)
[    0.000000] ACPI: FACP 0x000000003FFF00F0 0000F4 (v04 VBOX   VBOXFACP 00000001 ASL  00000061)
[    0.000000] ACPI: DSDT 0x000000003FFF0470 0021C8 (v02 VBOX   VBOXBIOS 00000002 INTL 20100528)
[    0.000000] ACPI: FACS 0x000000003FFF0200 000040
[    0.000000] ACPI: FACS 0x000000003FFF0200 000040
[    0.000000] ACPI: APIC 0x000000003FFF0240 00005C (v02 VBOX   VBOXAPIC 00000001 ASL  00000061)
[    0.000000] ACPI: SSDT 0x000000003FFF02A0 0001CC (v01 VBOX   VBOXCPUT 00000002 INTL 20100528)
[    0.000000] No NUMA configuration found
[    0.000000] Faking a node at [mem 0x0000000000000000-0x000000003ffeffff]
[    0.000000] NODE_DATA(0) allocated [mem 0x3ffeb000-0x3ffeffff]
[    0.000000] kvm-clock: Using msrs 4b564d01 and 4b564d00
[    0.000000] kvm-clock: cpu 0, msr 0:3ffe3001, primary cpu clock
[    0.000000] kvm-clock: using sched offset of 3403897089 cycles
[    0.000000] clocksource: kvm-clock: mask: 0xffffffffffffffff max_cycles: 0x1cd42e4dffb, max_idle_ns: 881590591483 ns
[    0.000000] Zone ranges:
[    0.000000]   DMA      [mem 0x0000000000001000-0x0000000000ffffff]
[    0.000000]   DMA32    [mem 0x0000000001000000-0x000000003ffeffff]
[    0.000000]   Normal   empty
[    0.000000]   Device   empty
[    0.000000] Movable zone start for each node
[    0.000000] Early memory node ranges
[    0.000000]   node   0: [mem 0x0000000000001000-0x000000000009efff]
[    0.000000]   node   0: [mem 0x0000000000100000-0x000000003ffeffff]
[    0.000000] Initmem setup node 0 [mem 0x0000000000001000-0x000000003ffeffff]
[    0.000000] ACPI: PM-Timer IO Port: 0x4008
[    0.000000] IOAPIC[0]: apic_id 2, version 32, address 0xfec00000, GSI 0-23
[    0.000000] ACPI: INT_SRC_OVR (bus 0 bus_irq 0 global_irq 2 dfl dfl)
[    0.000000] ACPI: INT_SRC_OVR (bus 0 bus_irq 9 global_irq 9 high level)
[    0.000000] Using ACPI (MADT) for SMP configuration information
[    0.000000] smpboot: Allowing 2 CPUs, 0 hotplug CPUs
[    0.000000] PM: Registered nosave memory: [mem 0x00000000-0x00000fff]
[    0.000000] PM: Registered nosave memory: [mem 0x0009f000-0x0009ffff]
[    0.000000] PM: Registered nosave memory: [mem 0x000a0000-0x000effff]
[    0.000000] PM: Registered nosave memory: [mem 0x000f0000-0x000fffff]
[    0.000000] e820: [mem 0x40000000-0xfebfffff] available for PCI devices
[    0.000000] Booting paravirtualized kernel on KVM
[    0.000000] clocksource: refined-jiffies: mask: 0xffffffff max_cycles: 0xffffffff, max_idle_ns: 7645519600211568 ns
[    0.000000] setup_percpu: NR_CPUS:512 nr_cpumask_bits:512 nr_cpu_ids:2 nr_node_ids:1
[    0.000000] PERCPU: Embedded 33 pages/cpu @ffff88003fc00000 s98200 r8192 d28776 u1048576
[    0.000000] PV qspinlock hash table entries: 256 (order: 0, 4096 bytes)
[    0.000000] Built 1 zonelists in Node order, mobility grouping on.  Total pages: 257913
[    0.000000] Policy zone: DMA32
[    0.000000] Kernel command line: BOOT_IMAGE=/boot/vmlinuz-4.4.0-104-generic root=UUID=743b1402-d445-494c-af0b-749040bb33e4 ro console=tty1 console=ttyS0
[    0.000000] PID hash table entries: 4096 (order: 3, 32768 bytes)
[    0.000000] Memory: 997344K/1048120K available (8485K kernel code, 1295K rwdata, 3988K rodata, 1492K init, 1316K bss, 50776K reserved, 0K cma-reserved)
[    0.000000] SLUB: HWalign=64, Order=0-3, MinObjects=0, CPUs=2, Nodes=1
[    0.000000] Hierarchical RCU implementation.
[    0.000000] 	Build-time adjustment of leaf fanout to 64.
[    0.000000] 	RCU restricting CPUs from NR_CPUS=512 to nr_cpu_ids=2.
[    0.000000] RCU: Adjusting geometry for rcu_fanout_leaf=64, nr_cpu_ids=2
[    0.000000] NR_IRQS:33024 nr_irqs:440 16
[    0.000000] Console: colour VGA+ 80x25
[    0.000000] console [tty1] enabled
[    0.000000] console [ttyS0] enabled
[    0.000000] tsc: Detected 3392.302 MHz processor
[   17.134143] Calibrating delay loop (skipped) preset value.. 6784.60 BogoMIPS (lpj=13569208)
[   17.379753] pid_max: default: 32768 minimum: 301
[   17.515195] ACPI: Core revision 20150930
[   17.627490] ACPI: 2 ACPI AML tables successfully acquired and loaded
[   17.795307] Security Framework initialized
[   17.870744] Yama: becoming mindful.
[   17.909784] AppArmor: AppArmor initialized
[   18.016277] Dentry cache hash table entries: 131072 (order: 8, 1048576 bytes)
[   18.210966] Inode-cache hash table entries: 65536 (order: 7, 524288 bytes)
[   18.401674] Mount-cache hash table entries: 2048 (order: 2, 16384 bytes)
[   18.525905] Mountpoint-cache hash table entries: 2048 (order: 2, 16384 bytes)
[   18.712470] Initializing cgroup subsys io
[   18.829877] Initializing cgroup subsys memory
[   18.917321] Initializing cgroup subsys devices
[   19.016934] Initializing cgroup subsys freezer
[   19.154884] Initializing cgroup subsys net_cls
[   19.208937] Initializing cgroup subsys perf_event
[   19.358930] Initializing cgroup subsys net_prio
[   19.462404] Initializing cgroup subsys hugetlb
[   19.566408] Initializing cgroup subsys pids
[   19.692050] CPU: Physical Processor ID: 0
[   19.803904] CPU: Processor Core ID: 0
[   19.854403] mce: CPU supports 0 MCE banks
[   19.966515] Last level iTLB entries: 4KB 512, 2MB 8, 4MB 8
[   20.072010] Last level dTLB entries: 4KB 512, 2MB 32, 4MB 32, 1GB 0
[   20.269800] Freeing SMP alternatives memory: 32K
[   20.412435] ftrace: allocating 32158 entries in 126 pages
[   20.597109] smpboot: APIC(0) Converting physical 0 to logical package 0
[   20.785580] smpboot: Max logical packages: 1
[   20.901354] x2apic enabled
[   20.974236] Switched APIC routing to physical x2apic.
[   21.072207] ..TIMER: vector=0x30 apic1=0 pin1=2 apic2=-1 pin2=-1
[   21.353878] smpboot: CPU0: Intel(R) Core(TM) i7-3770 CPU @ 3.40GHz (family: 0x6, model: 0x3a, stepping: 0x9)
[   21.600100] Performance Events: unsupported p6 CPU model 58 no PMU driver, software events only.
[   21.838873] KVM setup paravirtual spinlock
[   21.924752] x86: Booting SMP configuration:
[   22.008698] .... node  #0, CPUs:      #1
[   22.100149] kvm-clock: cpu 1, msr 0:3ffe3041, secondary cpu clock
[   22.179726] mce: CPU supports 0 MCE banks
[   22.234925] x86: Booted up 1 node, 2 CPUs
[   22.346895] smpboot: Total of 2 processors activated (13569.20 BogoMIPS)
[   22.541243] devtmpfs: initialized
[   22.624205] evm: security.selinux
[   22.725735] evm: security.SMACK64
[   22.811767] evm: security.SMACK64EXEC
[   22.917758] evm: security.SMACK64TRANSMUTE
[   23.025812] evm: security.SMACK64MMAP
[   23.125296] evm: security.ima
[   23.180494] evm: security.capability
[   23.181535] clocksource: jiffies: mask: 0xffffffff max_cycles: 0xffffffff, max_idle_ns: 7645041785100000 ns
[   23.379684] futex hash table entries: 512 (order: 3, 32768 bytes)
[   23.519579] pinctrl core: initialized pinctrl subsystem
[   23.643570] RTC time:  0:28:51, date: 12/19/17
[   23.758214] NET: Registered protocol family 16
[   23.903635] cpuidle: using governor ladder
[   23.999650] cpuidle: using governor menu
[   24.123494] PCCT header not found.
[   24.209541] ACPI: bus type PCI registered
[   24.289520] acpiphp: ACPI Hot Plug PCI Controller Driver version: 0.5
[   24.488233] PCI: Using configuration type 1 for base access
[   24.660339] ACPI: Added _OSI(Module Device)
[   24.792084] ACPI: Added _OSI(Processor Device)
[   24.917158] ACPI: Added _OSI(3.0 _SCP Extensions)
[   25.030582] ACPI: Added _OSI(Processor Aggregator Device)
[   25.150208] ACPI: Executed 1 blocks of module-level executable AML code
[   25.294722] ACPI: Interpreter enabled
[   25.376657] ACPI: (supports S0 S5)
[   25.454635] ACPI: Using IOAPIC for interrupt routing
[   25.578360] PCI: Using host bridge windows from ACPI; if necessary, use "pci=nocrs" and report a bug
[   25.837409] ACPI: PCI Root Bridge [PCI0] (domain 0000 [bus 00-ff])
[   25.991813] acpi PNP0A03:00: _OSC: OS supports [ASPM ClockPM Segments MSI]
[   26.173334] acpi PNP0A03:00: _OSC failed (AE_NOT_FOUND); disabling ASPM
[   26.353834] acpi PNP0A03:00: fail to add MMCONFIG information, can't access extended PCI configuration space under this bridge.
[   26.585408] PCI host bridge to bus 0000:00
[   26.661361] pci_bus 0000:00: root bus resource [io  0x0000-0x0cf7 window]
[   26.863336] pci_bus 0000:00: root bus resource [io  0x0d00-0xffff window]
[   27.080376] pci_bus 0000:00: root bus resource [mem 0x000a0000-0x000bffff window]
[   27.302614] pci_bus 0000:00: root bus resource [mem 0x40000000-0xffdfffff window]
[   27.456155] pci_bus 0000:00: root bus resource [bus 00-ff]
[   27.601455] pci 0000:00:01.1: legacy IDE quirk: reg 0x10: [io  0x01f0-0x01f7]
[   27.789006] pci 0000:00:01.1: legacy IDE quirk: reg 0x14: [io  0x03f6]
[   27.976502] pci 0000:00:01.1: legacy IDE quirk: reg 0x18: [io  0x0170-0x0177]
[   28.103025] pci 0000:00:01.1: legacy IDE quirk: reg 0x1c: [io  0x0376]
[   28.314920] pci 0000:00:07.0: quirk: [io  0x4000-0x403f] claimed by PIIX4 ACPI
[   28.471431] pci 0000:00:07.0: quirk: [io  0x4100-0x410f] claimed by PIIX4 SMB
[   28.479046] ACPI: PCI Interrupt Link [LNKA] (IRQs 5 9 10 *11)
[   28.573680] ACPI: PCI Interrupt Link [LNKB] (IRQs 5 9 10 *11)
[   28.698563] ACPI: PCI Interrupt Link [LNKC] (IRQs 5 9 *10 11)
[   28.840689] ACPI: PCI Interrupt Link [LNKD] (IRQs 5 *9 10 11)
[   28.987786] ACPI: Enabled 2 GPEs in block 00 to 07
[   29.122694] vgaarb: setting as boot device: PCI:0000:00:02.0
[   29.263603] vgaarb: device added: PCI:0000:00:02.0,decodes=io+mem,owns=io+mem,locks=none
[   29.495852] vgaarb: loaded
[   29.539088] vgaarb: bridge control possible 0000:00:02.0
[   29.671902] SCSI subsystem initialized
[   29.775305] ACPI: bus type USB registered
[   29.891680] usbcore: registered new interface driver usbfs
[   30.050272] usbcore: registered new interface driver hub
[   30.209299] usbcore: registered new device driver usb
[   30.340481] PCI: Using ACPI for IRQ routing
[   30.435975] NetLabel: Initializing
[   30.482343] NetLabel:  domain hash size = 128
[   30.572791] NetLabel:  protocols = UNLABELED CIPSOv4
[   30.663344] NetLabel:  unlabeled traffic allowed by default
[   30.826474] amd_nb: Cannot enumerate AMD northbridges
[   30.967918] clocksource: Switched to clocksource kvm-clock
[   31.136781] AppArmor: AppArmor Filesystem Enabled
[   31.304452] pnp: PnP ACPI init
[   31.391534] pnp: PnP ACPI: found 3 devices
[   31.539183] clocksource: acpi_pm: mask: 0xffffff max_cycles: 0xffffff, max_idle_ns: 2085701024 ns
[   31.774259] NET: Registered protocol family 2
[   31.918148] TCP established hash table entries: 8192 (order: 4, 65536 bytes)
[   32.139585] TCP bind hash table entries: 8192 (order: 5, 131072 bytes)
[   32.349546] TCP: Hash tables configured (established 8192 bind 8192)
[   32.536639] UDP hash table entries: 512 (order: 2, 16384 bytes)
[   32.679801] UDP-Lite hash table entries: 512 (order: 2, 16384 bytes)
[   32.680935] NET: Registered protocol family 1
[   32.804047] pci 0000:00:00.0: Limiting direct PCI/PCI transfers
[   32.998183] pci 0000:00:01.0: Activating ISA DMA hang workarounds
[   33.206945] Unpacking initramfs...
[   33.480610] Freeing initrd memory: 15228K
[   33.597268] RAPL PMU detected, API unit is 2^-32 Joules, 3 fixed counters 10737418240 ms ovfl timer
[   33.771964] hw unit of domain pp0-core 2^-0 Joules
[   33.884712] hw unit of domain package 2^-0 Joules
[   34.028724] hw unit of domain pp1-gpu 2^-0 Joules
[   34.175251] platform rtc_cmos: registered platform RTC device (no PNP device found)
[   34.354524] Scanning for low memory corruption every 60 seconds
[   34.524244] audit: initializing netlink subsys (disabled)
[   34.663827] audit: type=2000 audit(1513643317.087:1): initialized
[   34.791577] Initialise system trusted keyring
[   34.916497] HugeTLB registered 2 MB page size, pre-allocated 0 pages
[   35.096520] zbud: loaded
[   35.185293] tsc: Refined TSC clocksource calibration: 3392.461 MHz
[   35.380902] clocksource: tsc: mask: 0xffffffffffffffff max_cycles: 0x30e67cf3642, max_idle_ns: 440795294154 ns
[   35.381133] VFS: Disk quotas dquot_6.6.0
[   35.381158] VFS: Dquot-cache hash table entries: 512 (order 0, 4096 bytes)
[   35.381346] squashfs: version 4.0 (2009/01/31) Phillip Lougher
[   35.381552] fuse init (API version 7.23)
[   35.381640] Key type big_key registered
[   35.381657] Allocating IMA MOK and blacklist keyrings.
[   35.381824] Key type asymmetric registered
[   35.381826] Asymmetric key parser 'x509' registered
[   35.381852] Block layer SCSI generic (bsg) driver version 0.4 loaded (major 249)
[   35.381876] io scheduler noop registered
[   35.381878] io scheduler deadline registered (default)
[   35.381899] io scheduler cfq registered
[   35.381961] pci_hotplug: PCI Hot Plug PCI Core version: 0.5
[   35.381974] pciehp: PCI Express Hot Plug Controller Driver version: 0.4
[   35.382099] ACPI: AC Adapter [AC] (on-line)
[   35.382139] input: Power Button as /devices/LNXSYSTM:00/LNXPWRBN:00/input/input0
[   35.382141] ACPI: Power Button [PWRF]
[   35.382193] input: Sleep Button as /devices/LNXSYSTM:00/LNXSLPBN:00/input/input1
[   35.382195] ACPI: Sleep Button [SLPF]
[   35.382299] GHES: HEST is not enabled!
[   35.382366] Serial: 8250/16550 driver, 32 ports, IRQ sharing enabled
[   35.699142] 00:02: ttyS0 at I/O 0x3f8 (irq = 4, base_baud = 115200) is a 16550A
[   35.805629] Linux agpgart interface v0.103
[   35.994325] loop: module loaded
[   35.994751] scsi host0: ata_piix
[   35.994796] scsi host1: ata_piix
[   35.994819] ata1: PATA max UDMA/33 cmd 0x1f0 ctl 0x3f6 bmdma 0xd000 irq 14
[   35.994820] ata2: PATA max UDMA/33 cmd 0x170 ctl 0x376 bmdma 0xd008 irq 15
[   35.994878] libphy: Fixed MDIO Bus: probed
[   35.994880] tun: Universal TUN/TAP device driver, 1.6
[   35.994880] tun: (C) 1999-2004 Max Krasnyansky <maxk@qualcomm.com>
[   35.995151] PPP generic driver version 2.4.2
[   35.995195] ehci_hcd: USB 2.0 'Enhanced' Host Controller (EHCI) Driver
[   35.995198] ehci-pci: EHCI PCI platform driver
[   35.995213] ehci-platform: EHCI generic platform driver
[   35.995219] ohci_hcd: USB 1.1 'Open' Host Controller (OHCI) Driver
[   35.995222] ohci-pci: OHCI PCI platform driver
[   35.995228] ohci-platform: OHCI generic platform driver
[   35.995234] uhci_hcd: USB Universal Host Controller Interface driver
[   35.995273] i8042: PNP: PS/2 Controller [PNP0303:PS2K,PNP0f03:PS2M] at 0x60,0x64 irq 1,12
[   36.076142] serio: i8042 KBD port at 0x60,0x64 irq 1
[   36.076145] serio: i8042 AUX port at 0x60,0x64 irq 12
[   36.076191] mousedev: PS/2 mouse device common for all mice
[   36.076419] rtc_cmos rtc_cmos: rtc core: registered rtc_cmos as rtc0
[   36.076463] rtc_cmos rtc_cmos: alarms up to one day, 114 bytes nvram
[   36.076467] i2c /dev entries driver
[   36.076503] device-mapper: uevent: version 1.0.3
[   36.076542] device-mapper: ioctl: 4.34.0-ioctl (2015-10-28) initialised: dm-devel@redhat.com
[   36.076552] ledtrig-cpu: registered to indicate activity on CPUs
[   36.076792] NET: Registered protocol family 10
[   36.076897] NET: Registered protocol family 17
[   36.076904] Key type dns_resolver registered
[   36.193925] microcode: CPU0 sig=0x306a9, pf=0x2, revision=0x19
[   36.193947] microcode: CPU1 sig=0x306a9, pf=0x2, revision=0x19
[   36.194003] microcode: Microcode Update Driver: v2.01 <tigran@aivazian.fsnet.co.uk>, Peter Oruba
[   36.194104] registered taskstats version 1
[   36.194126] Loading compiled-in X.509 certificates
[   36.194723] Loaded X.509 cert 'Build time autogenerated kernel key: 8537ad706776f532219d7336343c968b9f82f7c7'
[   36.194737] zswap: loaded using pool lzo/zbud
[   36.196082] Key type trusted registered
[   36.197954] Key type encrypted registered
[   36.197958] AppArmor: AppArmor sha1 policy hashing enabled
[   36.197960] ima: No TPM chip found, activating TPM-bypass!
[   36.197977] evm: HMAC attrs: 0x1
[   36.198247]   Magic number: 13:387:456
[   36.198282] mem urandom: hash matches
[   36.365004] rtc_cmos rtc_cmos: setting system clock to 2017-12-19 00:29:03 UTC (1513643343)
[   36.365098] BIOS EDD facility v0.16 2004-Jun-25, 0 devices found
[   36.365098] EDD information not available.
[   37.020260] input: AT Translated Set 2 keyboard as /devices/platform/i8042/serio0/input/input2
[   44.672981] Freeing unused kernel memory: 1492K
[   44.799038] Write protecting the kernel read-only data: 14336k
[   44.872516] Freeing unused kernel memory: 1744K
[   44.926319] Freeing unused kernel memory: 108K
Loading, please [   45.043852] random: systemd-udevd: uninitialized urandom read (16 bytes read, 5 bits of entropy available)
wait...
startin[   45.044267] random: udevadm: uninitialized urandom read (16 bytes read, 5 bits of entropy available)
g version 229
[   45.044281] random: udevadm: uninitialized urandom read (16 bytes read, 5 bits of entropy available)
[   45.049754] random: udevadm: uninitialized urandom read (16 bytes read, 5 bits of entropy available)
[   45.049782] random: udevadm: uninitialized urandom read (16 bytes read, 5 bits of entropy available)
[   45.049867] random: udevadm: uninitialized urandom read (16 bytes read, 5 bits of entropy available)
[   45.049900] random: udevadm: uninitialized urandom read (16 bytes read, 5 bits of entropy available)
[   45.049934] random: udevadm: uninitialized urandom read (16 bytes read, 5 bits of entropy available)
[   45.049967] random: udevadm: uninitialized urandom read (16 bytes read, 5 bits of entropy available)
[   45.050000] random: udevadm: uninitialized urandom read (16 bytes read, 5 bits of entropy available)
[   46.854457] e1000: Intel(R) PRO/1000 Network Driver - version 7.3.21-k8-NAPI
[   47.093924] e1000: Copyright (c) 1999-2006 Intel Corporation.
[   47.274090] Fusion MPT base driver 3.04.20
[   47.386355] Copyright (c) 1999-2008 LSI Corporation
[   47.469378] Fusion MPT SPI Host driver 3.04.20
[   47.491275] AVX version of gcm_enc/dec engaged.
[   47.525123] AES CTR mode by8 optimization enabled
[   47.774650] input: ImExPS/2 Generic Explorer Mouse as /devices/platform/i8042/serio1/input/input5
[   47.819983] e1000 0000:00:03.0 eth0: (PCI:33MHz:32-bit) 02:63:8e:2c:ef:cd
[   47.819987] e1000 0000:00:03.0 eth0: Intel(R) PRO/1000 Network Connection
[   47.869140] e1000 0000:00:03.0 enp0s3: renamed from eth0
[   48.033653] mptbase: ioc0: Initiating bringup
[   48.168568] ioc0: LSI53C1030 A0: Capabilities={Initiator}
[   48.498509] scsi host2: ioc0: LSI53C1030 A0, FwRev=00000000h, Ports=1, MaxQ=256, IRQ=20
[   48.856563] scsi 2:0:0:0: Direct-Access     VBOX     HARDDISK         1.0  PQ: 0 ANSI: 5
[   49.052564] scsi target2:0:0: Beginning Domain Validation
[   49.203620] scsi target2:0:0: Domain Validation skipping write tests
[   49.322143] scsi target2:0:0: Ending Domain Validation
[   49.388249] scsi target2:0:0: asynchronous
[   49.487651] scsi 2:0:1:0: Direct-Access     VBOX     HARDDISK         1.0  PQ: 0 ANSI: 5
[   49.657990] scsi target2:0:1: Beginning Domain Validation
[   49.715732] scsi target2:0:1: Domain Validation skipping write tests
[   49.841701] scsi target2:0:1: Ending Domain Validation
[   49.894123] scsi target2:0:1: asynchronous
[   49.990803] sd 2:0:0:0: Attached scsi generic sg0 type 0
[   50.083200] sd 2:0:0:0: [sda] 20971520 512-byte logical blocks: (10.7 GB/10.0 GiB)
[   50.244217] sd 2:0:0:0: [sda] Write Protect is off
[   50.244552] sd 2:0:1:0: Attached scsi generic sg1 type 0
[   50.244751] sd 2:0:1:0: [sdb] 20480 512-byte logical blocks: (10.5 MB/10.0 MiB)
[   50.244958] sd 2:0:1:0: [sdb] Write Protect is off
[   50.245099] sd 2:0:1:0: [sdb] Incomplete mode parameter data
[   50.245099] sd 2:0:1:0: [sdb] Assuming drive cache: write through
[   50.263049] sd 2:0:1:0: [sdb] Attached SCSI disk
[   50.312766] floppy0: no floppy controllers found
[   50.312802] work still pending
[   50.854469] sd 2:0:0:0: [sda] Incomplete mode parameter data
[   50.979829] sd 2:0:0:0: [sda] Assuming drive cache: write through
[   51.112404]  sda: sda1
[   51.137700] sd 2:0:0:0: [sda] Attached SCSI disk
Begin: Loading e[   52.581538] md: linear personality registered for level -1
ssential drivers[   52.692169] md: multipath personality registered for level -4
 ... [   52.804244] md: raid0 personality registered for level 0
[   52.929986] md: raid1 personality registered for level 1
[   53.036228] raid6: sse2x1   gen()  9738 MB/s
[   53.228282] raid6: sse2x1   xor()  7728 MB/s
[   53.364275] raid6: sse2x2   gen() 12086 MB/s
[   53.500302] raid6: sse2x2   xor()  8706 MB/s
[   53.672292] raid6: sse2x4   gen() 14199 MB/s
[   53.824310] raid6: sse2x4   xor() 10409 MB/s
[   53.862661] raid6: using algorithm sse2x4 gen() 14199 MB/s
[   53.916603] raid6: .... xor() 10409 MB/s, rmw enabled
[   53.956824] raid6: using ssse3x2 recovery algorithm
[   54.056513] xor: automatically using best checksumming function:
[   54.240366]    avx       : 22377.000 MB/sec
[   54.360995] async_tx: api initialized (async)
[   54.448088] md: raid6 personality registered for level 6
[   54.531756] md: raid5 personality registered for level 5
[   54.633781] md: raid4 personality registered for level 4
[   54.748837] md: raid10 personality registered for level 10
done.
Begin: Running[   54.871023] Btrfs loaded
 /scripts/init-premount ... done.
Begin: Mounting root file system ... Begin: R[   54.960355] EXT4-fs (sda1): INFO: recovery required on readonly filesystem
unning /scripts/[   55.080416] EXT4-fs (sda1): write access will be enabled during recovery
local-top ... done.
Begin: Running /scripts/local-premount ... Scanning for Btrfs filesystems
done.
Warning: [   55.312082] EXT4-fs (sda1): recovery complete
fsck not present[   55.398131] EXT4-fs (sda1): mounted filesystem with ordered data mode. Opts: (null)
, so skipping root file system
done.
Begin: Running /scripts/local-bottom ... done.
Begin: Running /scripts/init-bottom ... done.
[   56.151030] random: nonblocking pool is initialized
[   56.501798] systemd[1]: systemd 229 running in system mode. (+PAM +AUDIT +SELINUX +IMA +APPARMOR +SMACK +SYSVINIT +UTMP +LIBCRYPTSETUP +GCRYPT +GNUTLS +ACL +XZ -LZ4 +SECCOMP +BLKID +ELFUTILS +KMOD -IDN)
[   56.990777] systemd[1]: Detected virtualization oracle.
[   57.087194] systemd[1]: Detected architecture x86-64.

Welcome to [1mUbuntu 16.04.3 LTS[0m!

[   57.278438] systemd[1]: Set hostname to <ubuntu-xenial>.
[   58.171906] systemd[1]: Listening on /dev/initctl Compatibility Named Pipe.
[[0;32m  OK  [0m] Listening on /dev/initctl Compatibility Named Pipe.
[   58.412853] systemd[1]: Listening on Journal Audit Socket.
[[0;32m  OK  [0m] Listening on Journal Audit Socket.
[   58.569222] systemd[1]: Created slice User and Session Slice.
[[0;32m  OK  [0m] Created slice User and Session Slice.
[   58.720703] systemd[1]: Listening on Syslog Socket.
[[0;32m  OK  [0m] Listening on Syslog Socket.
[   58.834574] systemd[1]: Listening on LVM2 metadata daemon socket.
[[0;32m  OK  [0m] Listening on LVM2 metadata daemon socket.
[   59.044242] systemd[1]: Listening on Journal Socket (/dev/log).
[[0;32m  OK  [0m] Listening on Journal Socket (/dev/log).
[   59.232286] systemd[1]: Listening on udev Kernel Socket.
[[0;32m  OK  [0m] Listening on udev Kernel Socket.
[   59.385839] systemd[1]: Reached target Encrypted Volumes.
[[0;32m  OK  [0m] Reached target Encrypted Volumes.
[   59.532276] systemd[1]: Listening on udev Control Socket.
[[0;32m  OK  [0m] Listening on udev Control Socket.
[   59.688376] systemd[1]: Reached target Swap.
[[0;32m  OK  [0m] Reached target Swap.
[   59.800606] systemd[1]: Set up automount Arbitrary Executable File Formats File System Automount Point.
[[0;32m  OK  [0m] Set up automount Arbitrary Executab...ats File System Automount Point.
[   60.016533] systemd[1]: Started Trigger resolvconf update for networkd DNS.
[[0;32m  OK  [0m] Started Trigger resolvconf update for networkd DNS.
[   60.188908] systemd[1]: Created slice System Slice.
[[0;32m  OK  [0m] Created slice System Slice.
[   60.301778] systemd[1]: Listening on Device-mapper event daemon FIFOs.
[[0;32m  OK  [0m] Listening on Device-mapper event daemon FIFOs.
[   60.472982] systemd[1]: Created slice system-serial\x2dgetty.slice.
[[0;32m  OK  [0m] Created slice system-serial\x2dgetty.slice.
[   60.653230] systemd[1]: Started Forward Password Requests to Wall Directory Watch.
[[0;32m  OK  [0m] Started Forward Password Requests to Wall Directory Watch.
[   60.848538] systemd[1]: Reached target Slices.
[[0;32m  OK  [0m] Reached target Slices.
[   61.024622] systemd[1]: Listening on Journal Socket.
[[0;32m  OK  [0m] Listening on Journal Socket.
[   61.204483] systemd[1]: Starting Load Kernel Modules...
         Starting Load Kernel Mo[   61.290007] Loading iSCSI transport class v2.0-870.
dules...
[   61.408398] systemd[1]: Starting Monitoring of LVM2 mirrors, snapshots etc. using dmeventd or progress polling...
[   61.593588] iscsi: registered transport (tcp)
         Starting Monitoring of LVM2 mirrors... dmeventd or progress polling...
[   61.821629] iscsi: registered transport (iser)
[   61.880437] systemd[1]: Mounting Huge Pages File System...
         Mounting Huge Pages File System...
[   62.096148] systemd[1]: Starting Set console keymap...
         Starting Set console keymap...
[   62.304425] systemd[1]: Starting Uncomplicated firewall...
         Starting Uncomplicated firewall...
[   62.444006] systemd[1]: Starting Create list of required static device nodes for the current kernel...
         Starting Create list of required st... nodes for the current kernel...
[   62.704156] systemd[1]: Starting Nameserver information manager...
         Starting Nameserver information manager...
[   62.996126] systemd[1]: Mounting Debug File System...
         Mounting Debug File System...
[   63.220155] systemd[1]: Mounting POSIX Message Queue File System...
         Mounting POSIX Message Queue File System...
[   63.404176] systemd[1]: Starting Journal Service...
         Starting Journal Service...
[   63.564348] systemd[1]: Reached target User and Group Name Lookups.
[[0;32m  OK  [0m] Reached target User and Group Name Lookups.
[   63.796459] systemd[1]: Listening on LVM2 poll daemon socket.
[[0;32m  OK  [0m] Listening on LVM2 poll daemon socket.
[   64.056356] systemd[1]: Starting Remount Root and Kernel File Systems...
         [   64.234007] EXT4-fs (sda1): re-mounted. Opts: (null)
Starting Remount Root and Kernel File Systems...
[   64.441593] systemd[1]: Mounted POSIX Message Queue File System.
[[0;32m  OK  [0m] Mounted POSIX Message Queue File System.
[   64.584573] systemd[1]: Mounted Debug File System.
[[0;32m  OK  [0m] Mounted Debug File System.
[   64.792574] systemd[1]: Mounted Huge Pages File System.
[[0;32m  OK  [0m] Mounted Huge Pages File System.
[   65.016767] systemd[1]: Started Journal Service.
[[0;32m  OK  [0m] Started Journal Service.
[[0;32m  OK  [0m] Started Load Kernel Modules.
[[0;32m  OK  [0m] Started Set console keymap.
[[0;32m  OK  [0m] Started Uncomplicated firewall.
[[0;32m  OK  [0m] Started Create list of required sta...ce nodes for the current kernel.
[[0;32m  OK  [0m] Started Remount Root and Kernel File Systems.
[[0;32m  OK  [0m] Started Nameserver information manager.
[[0;32m  OK  [0m] Started LVM2 metadata daemon.
         Starting Load/Save Random Seed...
         Starting Initial cloud-init job (pre-networking)...
         Starting udev Coldplug all Devices...
         Starting Create Static Device Nodes in /dev...
         Starting Apply Kernel Variables...
         Mounting FUSE Control File System...
         Starting Flush Journal to Persistent Storage...
[[0;32m  OK  [0m] Mounted FUSE Control File System.
[[0;32m  OK  [0m] Started Monitoring of LVM2 mirrors,...ng dmeventd or progress polling.
[[0;32m  OK  [0m] Started Load/Save Random Seed.
[[0;32m  OK  [0m] Started Create Static Device Nodes in /dev.
[[0;32m  OK  [0m] Started Apply Kernel Variables.
[[0;32m  OK  [0m] Started udev Coldplug all Devices.
         Starting udev Kernel Device Manager...
[[0;32m  OK  [0m] Started Flush Journal to Persistent Storage.
[[0;32m  OK  [0m] Started udev Kernel Device Manager.
[[0;32m  OK  [0m] Started Dispatch Password Requests to Console Directory Watch.
[[0;32m  OK  [0m] Reached target Local File Systems (Pre).
[[0;32m  OK  [0m] Reached target Local File Systems.
         Starting Tell Plymouth To Write Out Runtime Data...
         Starting LSB: AppArmor initialization...
         Starting Set console font and keymap...
         Starting Create Volatile Files and Directories...
[[0;32m  OK  [0m] Started Tell Plymouth To Write Out Runtime Data.
[[0;32m  OK  [0m] Found device /dev/ttyS0.
[[0;32m  OK  [0m] Started Create Volatile Files and Directories.
[[0;32m  OK  [0m] Reached target System Time Synchronized.
         Starting Update UTMP about System Boot/Shutdown...
[[0;32m  OK  [0m] Started Set console font and keymap.
[[0;32m  OK  [0m] Created slice system-getty.slice.
[[0;32m  OK  [0m] Started Update UTMP about System Boot/Shutdown.
[[0;32m  OK  [0m] Found device 82540EM Gigabit Ethern...r (PRO/1000 MT Desktop Adapter).
[[0;32m  OK  [0m] Listening on Load/Save RF Kill Switch Status /dev/rfkill Watch.
[[0;32m  OK  [0m] Started LSB: AppArmor initialization.
[   39.459315] cloud-init[449]: Cloud-init v. 17.1 running 'init-local' at Tue, 19 Dec 2017 00:29:36 +0000. Up 38.85 seconds.
[[0;32m  OK  [0m] Started Initial cloud-init job (pre-networking).
[[0;32m  OK  [0m] Reached target Network (Pre).
         Starting Raise network interfaces...
[[0;32m  OK  [0m] Started ifup for enp0s3.
[[0;32m  OK  [0m] Started Raise network interfaces.
[[0;32m  OK  [0m] Reached target Network.
         Starting Initial cloud-init job (metadata service crawler)...
[   41.098435] cloud-init[971]: Cloud-init v. 17.1 running 'init' at Tue, 19 Dec 2017 00:29:37 +0000. Up 40.39 seconds.
[   41.216654] [cloud-init[0;32m  OK  [0m[971]: ] ci-info: +++++++++++++++++++++++++++++++++++++Net device info++++++++++++++++++++++++++++++++++++++Started Initial cloud-init job (metadata service crawler).

[   41.217364] cloud-init[971]: ci-info: +--------+------+----------------------------+---------------+-------+-------------------+
[   41.588594] [cloud-init[0;32m  OK  [0m[971]: ] ci-info: | Device |  Up  |          Address           |      Mask     | Scope |     Hw-Address    |Reached target Network is Online.

[   41.589513] cloud-init[971]: ci-info: +--------+------+----------------------------+---------------+-------+-------------------+
[   41.900619]          cloud-initStarting iSCSI initiator daemon (iscsid)...[971]: 
ci-info: | enp0s3 | True |         10.0.2.15          | 255.255.255.0 |   .   | 02:63:8e:2c:ef:cd |
[   42.092602] [cloud-init[0;32m  OK  [0m[971]: ] ci-info: | enp0s3 | True | fe80::63:8eff:fe2c:efcd/64 |       .       |  link | 02:63:8e:2c:ef:cd |Reached target Cloud-config availability.

[   42.093350] [cloud-init[0;32m  OK  [0m[971]: ] ci-info: |   lo   | True |         127.0.0.1          |   255.0.0.0   |   .   |         .         |Reached target System Initialization.

[   42.261619] cloud-init[971]: ci-info: |   lo   | True |          ::1/128           |       .       |  host |         .         |
[   42.600708] [cloud-init[0;32m  OK  [0m[971]: ] ci-info: +--------+------+----------------------------+---------------+-------+-------------------+Started Daily apt download activities.

[   42.601630] [cloud-init[0;32m  OK  [0m[971]: ] ci-info: +++++++++++++++++++++++++++Route IPv4 info++++++++++++++++++++++++++++Listening on UUID daemon activation socket.

[   42.797660] [cloud-init[0;32m  OK  [0m[971]: ] ci-info: +-------+-------------+----------+---------------+-----------+-------+Started Timer to automatically refresh installed snaps.

[   42.965756] [cloud-init[0;32m  OK  [0m[971]: ] ci-info: | Route | Destination | Gateway  |    Genmask    | Interface | Flags |Listening on ACPID Listen Socket.

[   43.165842] cloud-init[971]: ci-info: +-------+-------------+----------+---------------+-----------+-------+
[   43.460838]          cloud-initStarting LXD - unix socket.[971]: 
ci-info: |   0   |   0.0.0.0   | 10.0.2.2 |    0.0.0.0    |   enp0s3  |   UG  |
[   43.620805] [cloud-init[0;32m  OK  [0m[971]: ] ci-info: |   1   |   10.0.2.0  | 0.0.0.0  | 255.255.255.0 |   enp0s3  |   U   |Started ACPI Events Check.

[   43.621633] [cloud-init[0;32m  OK  [0m[971]: ] ci-info: +-------+-------------+----------+---------------+-----------+-------+Reached target Paths.

         Starting Socket activation for snappy daemon.
[[0;32m  OK  [0m] Listening on D-Bus System Message Bus Socket.
[[0;32m  OK  [0m] Started Daily apt upgrade and clean activities.
[[0;32m  OK  [0m] Started Daily Cleanup of Temporary Directories.
[[0;32m  OK  [0m] Reached target Timers.
[[0;32m  OK  [0m] Listening on LXD - unix socket.
[[0;32m  OK  [0m] Listening on Socket activation for snappy daemon.
[[0;32m  OK  [0m] Started iSCSI initiator daemon (iscsid).
         Starting Login to default iSCSI targets...
[[0;32m  OK  [0m] Reached target Sockets.
[[0;32m  OK  [0m] Reached target Basic System.
[[0;32m  OK  [0m] Started D-Bus System Message Bus.
         Starting LXD - container startup/shutdown...
[[0;32m  OK  [0m] Started Regular background program processing daemon.
[[0;32m  OK  [0m] Started Deferred execution scheduler.
         Starting /etc/rc.local Compatibility...
         Starting Login Service...
         Starting Accounts Service...
         Starting System Logging Service...
         Starting OpenBSD Secure Shell server...
[[0;32m  OK  [0m] Started Unattended Upgrades Shutdown.
         Starting Apply the settings specified in cloud-config...
         Starting LSB: MD monitoring daemon...
         Starting Snappy daemon...
         Starting LSB: Record successful boot for GRUB...
[[0;32m  OK  [0m] Started ACPI event daemon.
[[0;32m  OK  [0m] Started FUSE filesystem for LXC.
[   45.665078] cloud-init[1054]: Cloud-init v. 17.1 running 'modules:config' at Tue, 19 Dec 2017 00:29:43 +0000. Up 45.47 seconds.
[[0;32m  OK  [0m] Started System Logging Service.
[[0;32m  OK  [0m] Started OpenBSD Secure Shell server.
[[0;32m  OK  [0m] Started /etc/rc.local Compatibility.
[[0;32m  OK  [0m] Started Apply the settings specified in cloud-config.
[[0;32m  OK  [0m] Started Login Service.
[[0;32m  OK  [0m] Started LXD - container startup/shutdown.
[[0;32m  OK  [0m] Started LSB: MD monitoring daemon.
[[0;32m  OK  [0m] Started LSB: Record successful boot for GRUB.
         Starting Authenticate and Authorize Users to Run Privileged Tasks...
[[0;32m  OK  [0m] Started Login to default iSCSI targets.
[[0;32m  OK  [0m] Reached target Remote File Systems (Pre).
[[0;32m  OK  [0m] Reached target Remote File Systems.
         Starting LSB: automatic crash report generation...
         Starting Permit User Sessions...
         Starting LSB: VirtualBox Linux Additions...
         Starting LSB: daemon to balance interrupts for SMP systems...
         Starting LSB: Set the CPU Frequency Scaling governor to "ondemand"...
[[0;32m  OK  [0m] Started Snappy daemon.
[[0;32m  OK  [0m] Started Permit User Sessions.
[[0;32m  OK  [0m] Started Authenticate and Authorize Users to Run Privileged Tasks.
[[0;32m  OK  [0m] Started Accounts Service.
         Starting Terminate Plymouth Boot Screen...
         Starting Hold until boot process finishes up...
[[0;32m  OK  [0m] Started LSB: automatic crash report generation.
[[0;32m  OK  [0m] Started LSB: daemon to balance interrupts for SMP systems.
[[0;32m  OK  [0m] Started LSB: VirtualBox Linux Additions.
[[0;32m  OK  [0m] Started Terminate Plymouth Boot Screen.
[[0;32m  OK  [0m] Started Hold until boot process finishes up.
         Starting Set console scheme...
[[0;32m  OK  [0m] Started Getty on tty1.
[[0;32m  OK  [0m] Started Serial Getty on ttyS0.
[[0;32m  OK  [0m] Reached target Login Prompts.
[[0;32m  OK  [0m] Started LSB: Set the CPU Frequency Scaling governor to "ondemand".
[[0;32m  OK  [0m] Started Set console scheme.
[[0;32m  OK  [0m] Reached target Multi-User System.
         Starting Execute cloud user/final scripts...
[[0;32m  OK  [0m] Reached target Graphical Interface.
         Starting Update UTMP about System Runlevel Changes...
[[0;32m  OK  [0m] Started Update UTMP about System Runlevel Changes.
[   48.578769] cloud-init[1195]: Cloud-init v. 17.1 running 'modules:final' at Tue, 19 Dec 2017 00:29:45 +0000. Up 48.41 seconds.
[[0;32m  OK  [0m] Started Execute cloud user/final scripts.
[[0;32m  OK  [0m[   48.670782] ] cloud-initReached target Cloud-init target.[1195]: 
Cloud-init v. 17.1 finished at Tue, 19 Dec 2017 00:29:46 +0000. Datasource DataSourceNoCloud [seed=/dev/sdb][dsmode=net].  Up 48.57 seconds
         Starting Daily apt download activities...
[[0;32m  OK  [0m] Created slice User Slice of ubuntu.
         Starting User Manager for UID 1000...
[[0;32m  OK  [0m] Started Session 1 of user ubuntu.
[[0;32m  OK  [0m] Started User Manager for UID 1000.

Ubuntu 16.04.3 LTS ubuntu-xenial ttyS0

ubuntu-xenial login: 